* using log directory 'C:/Users/Achyutha/Downloads/NetworkExposure/NetworkExposure.Rcheck'
* using R version 3.6.1 (2019-07-05)
* using platform: x86_64-w64-mingw32 (64-bit)
* using session charset: ISO8859-1
* using options '--no-manual --as-cran'
* checking for file 'NetworkExposure/DESCRIPTION' ... OK
* checking extension type ... Package
* this is package 'NetworkExposure' version '1.0'
* checking package namespace information ... OK
* checking package dependencies ... OK
* checking if this is a source package ... OK
* checking if there is a namespace ... OK
* checking for executable files ... OK
* checking for hidden files and directories ... OK
* checking for portable file names ... OK
* checking whether package 'NetworkExposure' can be installed ... ERROR
Installation failed.
See 'C:/Users/Achyutha/Downloads/NetworkExposure/NetworkExposure.Rcheck/00install.out' for details.
* DONE
Status: 1 ERROR
